app/build/outputs/logs/manifest-merger-debug-report.txt
-- Merging decision tree log ---
manifest
ADDED from src/main/AndroidManifest.xml:24:1-751:12
	xmlns:android
		ADDED from src/main/AndroidManifest.xml:24:11-69
	package
		ADDED from src/main/AndroidManifest.xml:25:5-32
		INJECTED from src/main/AndroidManifest.xml
		INJECTED from src/main/AndroidManifest.xml
	android:versionCode
		ADDED from src/main/AndroidManifest.xml:26:5-34
		INJECTED from src/main/AndroidManifest.xml
		INJECTED from src/main/AndroidManifest.xml
uses-permission#android.permission.RECEIVE_BOOT_COMPLETED
ADDED from src/main/AndroidManifest.xml:28:5-80
	android:name
		ADDED from src/main/AndroidManifest.xml:28:22-78
uses-permission#android.permission.ACCESS_NETWORK_STATE
ADDED from src/main/AndroidManifest.xml:29:5-78
	android:name
		ADDED from src/main/AndroidManifest.xml:29:22-76
uses-permission#android.permission.INTERNET
ADDED from src/main/AndroidManifest.xml:30:5-66
	android:name
		ADDED from src/main/AndroidManifest.xml:30:22-64
uses-permission#android.permission.VIBRATE
ADDED from src/main/AndroidManifest.xml:31:5-65
	android:name
		ADDED from src/main/AndroidManifest.xml:31:22-63
uses-permission#android.permission.WRITE_EXTERNAL_STORAGE
ADDED from src/main/AndroidManifest.xml:32:5-81
	android:name
		ADDED from src/main/AndroidManifest.xml:32:22-78
uses-permission#android.permission.GET_ACCOUNTS
ADDED from src/main/AndroidManifest.xml:33:5-71
	android:name
		ADDED from src/main/AndroidManifest.xml:33:22-68
uses-permission#android.permission.MANAGE_ACCOUNTS
ADDED from src/main/AndroidManifest.xml:34:5-73
	android:name
		ADDED from src/main/AndroidManifest.xml:34:22-71
uses-permission#android.permission.AUTHENTICATE_ACCOUNTS
ADDED from src/main/AndroidManifest.xml:35:5-80
	android:name
		ADDED from src/main/AndroidManifest.xml:35:22-77
uses-permission#android.permission.READ_SYNC_SETTINGS
ADDED from src/main/AndroidManifest.xml:36:5-77
	android:name
		ADDED from src/main/AndroidManifest.xml:36:22-74
uses-permission#android.permission.WRITE_SYNC_SETTINGS
ADDED from src/main/AndroidManifest.xml:37:5-77
	android:name
		ADDED from src/main/AndroidManifest.xml:37:22-75
uses-permission#android.permission.WRITE_CONTACTS
ADDED from src/main/AndroidManifest.xml:38:5-72
	android:name
		ADDED from src/main/AndroidManifest.xml:38:22-70
uses-permission#android.permission.READ_CONTACTS
ADDED from src/main/AndroidManifest.xml:39:5-71
	android:name
		ADDED from src/main/AndroidManifest.xml:39:22-69
uses-permission#android.permission.READ_CALENDAR
ADDED from src/main/AndroidManifest.xml:41:5-71
	android:name
		ADDED from src/main/AndroidManifest.xml:41:22-69
uses-permission#android.permission.WRITE_CALENDAR
ADDED from src/main/AndroidManifest.xml:42:5-72
	android:name
		ADDED from src/main/AndroidManifest.xml:42:22-70
uses-permission#android.permission.READ_PROFILE
ADDED from src/main/AndroidManifest.xml:43:5-70
	android:name
		ADDED from src/main/AndroidManifest.xml:43:22-68
uses-permission#android.permission.NFC
ADDED from src/main/AndroidManifest.xml:44:5-61
	android:name
		ADDED from src/main/AndroidManifest.xml:44:22-59
uses-permission#android.permission.WAKE_LOCK
ADDED from src/main/AndroidManifest.xml:45:5-67
	android:name
		ADDED from src/main/AndroidManifest.xml:45:22-65
uses-permission#android.permission.READ_PHONE_STATE
ADDED from src/main/AndroidManifest.xml:46:5-74
	android:name
		ADDED from src/main/AndroidManifest.xml:46:22-72
uses-permission#android.permission.DOWNLOAD_WITHOUT_NOTIFICATION
ADDED from src/main/AndroidManifest.xml:47:5-88
	android:name
		ADDED from src/main/AndroidManifest.xml:47:22-85
uses-sdk
ADDED from src/main/AndroidManifest.xml:50:5-74
	android:targetSdkVersion
		ADDED from src/main/AndroidManifest.xml:50:15-44
		INJECTED from src/main/AndroidManifest.xml
		INJECTED from src/main/AndroidManifest.xml
	android:minSdkVersion
		ADDED from src/main/AndroidManifest.xml:50:45-71
		INJECTED from src/main/AndroidManifest.xml
		INJECTED from src/main/AndroidManifest.xml
original-package
ADDED from src/main/AndroidManifest.xml:54:5-58
	android:name
		ADDED from src/main/AndroidManifest.xml:54:23-55
permission#com.android.email.permission.READ_ATTACHMENT
ADDED from src/main/AndroidManifest.xml:58:5-63:72
	android:label
		ADDED from src/main/AndroidManifest.xml:62:9-65
	android:protectionLevel
		ADDED from src/main/AndroidManifest.xml:61:9-44
	android:description
		ADDED from src/main/AndroidManifest.xml:63:9-70
	android:permissionGroup
		ADDED from src/main/AndroidManifest.xml:60:9-68
	android:name
		ADDED from src/main/AndroidManifest.xml:59:9-68
uses-permission#com.android.email.permission.READ_ATTACHMENT
ADDED from src/main/AndroidManifest.xml:64:5-65:70
	android:name
		ADDED from src/main/AndroidManifest.xml:65:9-68
uses-permission#android.permission.USE_CREDENTIALS
ADDED from src/main/AndroidManifest.xml:67:5-68:60
	android:name
		ADDED from src/main/AndroidManifest.xml:68:9-58
permission#com.android.email.permission.ACCESS_PROVIDER
ADDED from src/main/AndroidManifest.xml:71:5-75:72
	android:label
		ADDED from src/main/AndroidManifest.xml:74:9-65
	android:protectionLevel
		ADDED from src/main/AndroidManifest.xml:73:9-44
	android:description
		ADDED from src/main/AndroidManifest.xml:75:9-70
	android:name
		ADDED from src/main/AndroidManifest.xml:72:9-68
uses-permission#com.android.email.permission.ACCESS_PROVIDER
ADDED from src/main/AndroidManifest.xml:76:5-77:70
	android:name
		ADDED from src/main/AndroidManifest.xml:77:9-68
application
ADDED from src/main/AndroidManifest.xml:79:5-747:19
	android:supportsRtl
		ADDED from src/main/AndroidManifest.xml:87:9-36
	android:label
		ADDED from src/main/AndroidManifest.xml:82:9-41
	android:allowBackup
		ADDED from src/main/AndroidManifest.xml:86:9-36
	android:icon
		ADDED from src/main/AndroidManifest.xml:81:9-48
	android:theme
		ADDED from src/main/AndroidManifest.xml:84:9-49
	android:hardwareAccelerated
		ADDED from src/main/AndroidManifest.xml:85:9-43
	android:requiredAccountType
		ADDED from src/main/AndroidManifest.xml:83:9-77
	android:name
		ADDED from src/main/AndroidManifest.xml:80:9-41
activity#com.android.email.activity.ComposeActivityEmail
ADDED from src/main/AndroidManifest.xml:88:9-154:20
	android:label
		ADDED from src/main/AndroidManifest.xml:90:13-45
	android:autoRemoveFromRecents
		ADDED from src/main/AndroidManifest.xml:92:13-49
	android:theme
		ADDED from src/main/AndroidManifest.xml:93:13-48
	android:name
		ADDED from src/main/AndroidManifest.xml:89:13-75
	android:documentLaunchMode
		ADDED from src/main/AndroidManifest.xml:91:13-54
intent-filter#android.intent.action.SENDTO+android.intent.action.VIEW+android.intent.category.BROWSABLE+android.intent.category.DEFAULT
ADDED from src/main/AndroidManifest.xml:94:13-105:29
action#android.intent.action.VIEW
ADDED from src/main/AndroidManifest.xml:95:17-96:65
	android:name
		ADDED from src/main/AndroidManifest.xml:96:21-62
action#android.intent.action.SENDTO
ADDED from src/main/AndroidManifest.xml:97:17-98:67
	android:name
		ADDED from src/main/AndroidManifest.xml:98:21-64
data
ADDED from src/main/AndroidManifest.xml:99:17-100:47
	android:scheme
		ADDED from src/main/AndroidManifest.xml:100:21-44
category#android.intent.category.DEFAULT
ADDED from src/main/AndroidManifest.xml:101:17-102:70
	android:name
		ADDED from src/main/AndroidManifest.xml:102:21-67
category#android.intent.category.BROWSABLE
ADDED from src/main/AndroidManifest.xml:103:17-104:72
	android:name
		ADDED from src/main/AndroidManifest.xml:104:21-69
intent-filter#android.intent.action.SEND+android.intent.category.DEFAULT
ADDED from src/main/AndroidManifest.xml:106:13-114:29
	android:label
		ADDED from src/main/AndroidManifest.xml:107:17-49
action#android.intent.action.SEND
ADDED from src/main/AndroidManifest.xml:108:17-109:65
	android:name
		ADDED from src/main/AndroidManifest.xml:109:21-62
intent-filter#android.intent.action.SEND_MULTIPLE+android.intent.category.DEFAULT
ADDED from src/main/AndroidManifest.xml:115:13-123:29
	android:label
		ADDED from src/main/AndroidManifest.xml:116:17-49
action#android.intent.action.SEND_MULTIPLE
ADDED from src/main/AndroidManifest.xml:117:17-118:74
	android:name
		ADDED from src/main/AndroidManifest.xml:118:21-71
intent-filter#com.android.email.intent.action.REPLY
ADDED from src/main/AndroidManifest.xml:124:13-127:29
action#com.android.email.intent.action.REPLY
ADDED from src/main/AndroidManifest.xml:125:17-126:76
	android:name
		ADDED from src/main/AndroidManifest.xml:126:21-73
intent-filter#android.intent.category.DEFAULT+android.nfc.action.NDEF_DISCOVERED
ADDED from src/main/AndroidManifest.xml:138:13-142:29
action#android.nfc.action.NDEF_DISCOVERED
ADDED from src/main/AndroidManifest.xml:139:17-77
	android:name
		ADDED from src/main/AndroidManifest.xml:139:25-74
intent-filter#android.intent.category.DEFAULT+com.android.mail.intent.action.LAUNCH_COMPOSE
ADDED from src/main/AndroidManifest.xml:144:13-147:29
action#com.android.mail.intent.action.LAUNCH_COMPOSE
ADDED from src/main/AndroidManifest.xml:145:17-88
	android:name
		ADDED from src/main/AndroidManifest.xml:145:25-85
activity-alias#com.android.mail.compose.ComposeActivity
ADDED from src/main/AndroidManifest.xml:156:9-157:87
	android:targetActivity
		ADDED from src/main/AndroidManifest.xml:157:13-85
	android:name
		ADDED from src/main/AndroidManifest.xml:156:25-80
activity#com.android.email.activity.setup.OAuthAuthenticationActivity
ADDED from src/main/AndroidManifest.xml:159:9-162:20
	android:label
		ADDED from src/main/AndroidManifest.xml:161:13-63
	android:name
		ADDED from src/main/AndroidManifest.xml:160:13-71
activity#com.android.email.activity.setup.AccountCredentials
ADDED from src/main/AndroidManifest.xml:164:9-170:20
	android:label
		ADDED from src/main/AndroidManifest.xml:166:13-50
	android:theme
		ADDED from src/main/AndroidManifest.xml:169:13-67
	android:exported
		ADDED from src/main/AndroidManifest.xml:167:13-37
	android:excludeFromRecents
		ADDED from src/main/AndroidManifest.xml:168:13-46
	android:name
		ADDED from src/main/AndroidManifest.xml:165:13-62
activity#com.android.email.activity.EventViewer
ADDED from src/main/AndroidManifest.xml:172:9-186:20
	android:label
		ADDED from src/main/AndroidManifest.xml:174:13-45
	android:name
		ADDED from src/main/AndroidManifest.xml:173:13-49
intent-filter#android.intent.action.VIEW+android.intent.category.DEFAULT
ADDED from src/main/AndroidManifest.xml:176:13-185:29
activity#com.android.mail.ui.FolderSelectionActivity
ADDED from src/main/AndroidManifest.xml:188:9-190:58
	android:label
		ADDED from src/main/AndroidManifest.xml:189:13-62
	android:theme
		ADDED from src/main/AndroidManifest.xml:190:13-55
	android:name
		ADDED from src/main/AndroidManifest.xml:188:19-77
activity#com.android.email2.ui.MailboxSelectionActivityEmail
ADDED from src/main/AndroidManifest.xml:192:9-198:20
	android:label
		ADDED from src/main/AndroidManifest.xml:194:13-45
	android:theme
		ADDED from src/main/AndroidManifest.xml:193:13-55
	android:name
		ADDED from src/main/AndroidManifest.xml:192:19-85
intent-filter#android.appwidget.action.APPWIDGET_CONFIGURE
ADDED from src/main/AndroidManifest.xml:195:13-197:29
action#android.appwidget.action.APPWIDGET_CONFIGURE
ADDED from src/main/AndroidManifest.xml:196:17-87
	android:name
		ADDED from src/main/AndroidManifest.xml:196:25-84
activity#com.android.mail.ui.ShortcutNameActivity
ADDED from src/main/AndroidManifest.xml:200:9-203:20
	android:label
		ADDED from src/main/AndroidManifest.xml:201:13-56
	android:theme
		ADDED from src/main/AndroidManifest.xml:202:13-55
	android:name
		ADDED from src/main/AndroidManifest.xml:200:19-74
activity#com.android.mail.ui.MailboxSelectionActivity
ADDED from src/main/AndroidManifest.xml:205:9-211:20
	android:label
		ADDED from src/main/AndroidManifest.xml:207:13-45
	android:theme
		ADDED from src/main/AndroidManifest.xml:206:13-55
	android:name
		ADDED from src/main/AndroidManifest.xml:205:19-78
activity#com.android.email2.ui.CreateShortcutActivityEmail
ADDED from src/main/AndroidManifest.xml:213:9-222:20
	android:label
		ADDED from src/main/AndroidManifest.xml:215:13-65
	android:theme
		ADDED from src/main/AndroidManifest.xml:214:13-55
	android:name
		ADDED from src/main/AndroidManifest.xml:213:19-83
intent-filter#android.intent.action.CREATE_SHORTCUT+android.intent.category.DEFAULT
ADDED from src/main/AndroidManifest.xml:217:13-220:29
action#android.intent.action.CREATE_SHORTCUT
ADDED from src/main/AndroidManifest.xml:218:17-80
	android:name
		ADDED from src/main/AndroidManifest.xml:218:25-77
activity#com.android.email2.ui.MailActivityEmail
ADDED from src/main/AndroidManifest.xml:224:9-239:20
	android:windowSoftInputMode
		ADDED from src/main/AndroidManifest.xml:228:13-60
	android:label
		ADDED from src/main/AndroidManifest.xml:225:13-45
	android:theme
		ADDED from src/main/AndroidManifest.xml:227:13-53
	android:name
		ADDED from src/main/AndroidManifest.xml:226:13-67
intent-filter#android.intent.action.SEARCH+android.intent.category.DEFAULT
ADDED from src/main/AndroidManifest.xml:235:13-238:29
action#android.intent.action.SEARCH
ADDED from src/main/AndroidManifest.xml:236:17-71
	android:name
		ADDED from src/main/AndroidManifest.xml:236:25-68
activity-alias#com.android.email.activity.Welcome
ADDED from src/main/AndroidManifest.xml:241:9-261:26
	android:label
		ADDED from src/main/AndroidManifest.xml:243:13-45
	android:targetActivity
		ADDED from src/main/AndroidManifest.xml:242:13-77
	android:name
		ADDED from src/main/AndroidManifest.xml:241:25-74
intent-filter#android.intent.action.MAIN+android.intent.category.APP_EMAIL+android.intent.category.DEFAULT+android.intent.category.LAUNCHER
ADDED from src/main/AndroidManifest.xml:244:13-249:29
action#android.intent.action.MAIN
ADDED from src/main/AndroidManifest.xml:245:17-69
	android:name
		ADDED from src/main/AndroidManifest.xml:245:25-66
category#android.intent.category.LAUNCHER
ADDED from src/main/AndroidManifest.xml:247:17-77
	android:name
		ADDED from src/main/AndroidManifest.xml:247:27-74
category#android.intent.category.APP_EMAIL
ADDED from src/main/AndroidManifest.xml:248:17-78
	android:name
		ADDED from src/main/AndroidManifest.xml:248:27-75
intent-filter#android.intent.action.MAIN+android.intent.action.VIEW+android.intent.category.DEFAULT+android.intent.category.LAUNCHER
ADDED from src/main/AndroidManifest.xml:250:13-260:29
activity#com.android.email.activity.setup.AccountSetupFinal
ADDED from src/main/AndroidManifest.xml:266:9-276:20
	android:label
		ADDED from src/main/AndroidManifest.xml:268:13-63
	android:exported
		ADDED from src/main/AndroidManifest.xml:269:13-36
	android:name
		ADDED from src/main/AndroidManifest.xml:267:13-61
intent-filter#android.intent.category.DEFAULT+com.android.email.CREATE_NEW_ACCOUNT+com.android.email.FORCE_CREATE_ACCOUNT
ADDED from src/main/AndroidManifest.xml:271:13-275:29
action#com.android.email.FORCE_CREATE_ACCOUNT
ADDED from src/main/AndroidManifest.xml:272:17-81
	android:name
		ADDED from src/main/AndroidManifest.xml:272:25-78
action#com.android.email.CREATE_NEW_ACCOUNT
ADDED from src/main/AndroidManifest.xml:273:17-79
	android:name
		ADDED from src/main/AndroidManifest.xml:273:25-76
activity#com.android.email.activity.setup.EmailPreferenceActivity
ADDED from src/main/AndroidManifest.xml:277:9-291:20
	android:label
		ADDED from src/main/AndroidManifest.xml:279:13-57
	android:exported
		ADDED from src/main/AndroidManifest.xml:280:13-37
	android:name
		ADDED from src/main/AndroidManifest.xml:278:13-67
intent-filter#android.intent.action.EDIT+android.intent.action.VIEW+android.intent.category.DEFAULT
ADDED from src/main/AndroidManifest.xml:281:13-290:29
action#android.intent.action.EDIT
ADDED from src/main/AndroidManifest.xml:282:17-69
	android:name
		ADDED from src/main/AndroidManifest.xml:282:25-66
activity#com.android.mail.ui.settings.PublicPreferenceActivity
ADDED from src/main/AndroidManifest.xml:292:9-306:20
	android:label
		ADDED from src/main/AndroidManifest.xml:294:17-61
	android:theme
		ADDED from src/main/AndroidManifest.xml:296:17-63
	android:exported
		ADDED from src/main/AndroidManifest.xml:295:17-40
	android:name
		ADDED from src/main/AndroidManifest.xml:293:17-85
intent-filter#android.intent.category.DEFAULT+com.android.email.activity.setup.ACCOUNT_MANAGER_ENTRY
ADDED from src/main/AndroidManifest.xml:298:13-301:29
action#com.android.email.activity.setup.ACCOUNT_MANAGER_ENTRY
ADDED from src/main/AndroidManifest.xml:299:17-97
	android:name
		ADDED from src/main/AndroidManifest.xml:299:25-94
intent-filter#android.intent.action.MANAGE_NETWORK_USAGE+android.intent.category.DEFAULT
ADDED from src/main/AndroidManifest.xml:302:13-305:29
action#android.intent.action.MANAGE_NETWORK_USAGE
ADDED from src/main/AndroidManifest.xml:303:17-85
	android:name
		ADDED from src/main/AndroidManifest.xml:303:25-82
activity#com.android.email.activity.setup.AccountServerSettingsActivity
ADDED from src/main/AndroidManifest.xml:307:9-313:70
	android:windowSoftInputMode
		ADDED from src/main/AndroidManifest.xml:312:13-55
	android:label
		ADDED from src/main/AndroidManifest.xml:309:13-68
	android:theme
		ADDED from src/main/AndroidManifest.xml:313:13-67
	android:exported
		ADDED from src/main/AndroidManifest.xml:310:13-37
	android:excludeFromRecents
		ADDED from src/main/AndroidManifest.xml:311:13-46
	android:name
		ADDED from src/main/AndroidManifest.xml:308:13-73
activity#com.android.email.activity.setup.HeadlessAccountSettingsLoader
ADDED from src/main/AndroidManifest.xml:316:9-326:20
	android:theme
		ADDED from src/main/AndroidManifest.xml:318:13-59
	android:name
		ADDED from src/main/AndroidManifest.xml:317:13-73
activity#com.android.email.provider.FolderPickerActivity
ADDED from src/main/AndroidManifest.xml:327:9-340:20
	android:label
		ADDED from src/main/AndroidManifest.xml:329:13-45
	android:name
		ADDED from src/main/AndroidManifest.xml:328:13-58
intent-filter#android.intent.action.EDIT+android.intent.category.DEFAULT
ADDED from src/main/AndroidManifest.xml:331:13-339:29
activity#com.android.email.activity.setup.AccountSecurity
ADDED from src/main/AndroidManifest.xml:341:9-345:20
	android:label
		ADDED from src/main/AndroidManifest.xml:343:13-59
	android:name
		ADDED from src/main/AndroidManifest.xml:342:13-59
activity#com.android.email.activity.setup.MailboxSettings
ADDED from src/main/AndroidManifest.xml:347:9-350:40
	android:label
		ADDED from src/main/AndroidManifest.xml:349:13-68
	android:exported
		ADDED from src/main/AndroidManifest.xml:350:13-37
	android:name
		ADDED from src/main/AndroidManifest.xml:348:13-59
activity#com.android.mail.photo.MailPhotoViewActivity
ADDED from src/main/AndroidManifest.xml:352:9-356:20
	android:label
		ADDED from src/main/AndroidManifest.xml:354:13-45
	android:theme
		ADDED from src/main/AndroidManifest.xml:355:13-54
	android:name
		ADDED from src/main/AndroidManifest.xml:353:13-72
activity#com.android.mail.browse.EmlViewerActivity
ADDED from src/main/AndroidManifest.xml:358:9-368:20
	android:label
		ADDED from src/main/AndroidManifest.xml:360:17-49
	android:theme
		ADDED from src/main/AndroidManifest.xml:361:17-57
	android:name
		ADDED from src/main/AndroidManifest.xml:359:17-73
activity#com.android.mail.ui.HelpActivity
ADDED from src/main/AndroidManifest.xml:370:9-373:20
	android:label
		ADDED from src/main/AndroidManifest.xml:372:13-50
	android:name
		ADDED from src/main/AndroidManifest.xml:371:13-60
activity#com.android.mail.ui.LicensesActivity
ADDED from src/main/AndroidManifest.xml:375:9-378:20
	android:label
		ADDED from src/main/AndroidManifest.xml:377:13-57
	android:name
		ADDED from src/main/AndroidManifest.xml:376:13-64
provider#com.android.mail.browse.EmailConversationProvider
ADDED from src/main/AndroidManifest.xml:382:9-388:20
	android:label
		ADDED from src/main/AndroidManifest.xml:384:13-66
	android:exported
		ADDED from src/main/AndroidManifest.xml:385:13-36
	android:authorities
		ADDED from src/main/AndroidManifest.xml:383:13-74
	android:name
		ADDED from src/main/AndroidManifest.xml:386:13-77
grant-uri-permission
ADDED from src/main/AndroidManifest.xml:387:13-62
	android:pathPattern
		ADDED from src/main/AndroidManifest.xml:387:35-59
provider#com.android.mail.providers.EmailAccountCacheProvider
ADDED from src/main/AndroidManifest.xml:390:9-396:20
	android:label
		ADDED from src/main/AndroidManifest.xml:392:13-59
	android:exported
		ADDED from src/main/AndroidManifest.xml:393:13-36
	android:authorities
		ADDED from src/main/AndroidManifest.xml:391:13-65
	android:name
		ADDED from src/main/AndroidManifest.xml:394:13-80
provider#com.android.mail.providers.EmlAttachmentProvider
ADDED from src/main/AndroidManifest.xml:398:9-403:20
	android:exported
		ADDED from src/main/AndroidManifest.xml:400:17-41
	android:authorities
		ADDED from src/main/AndroidManifest.xml:399:17-70
	android:name
		ADDED from src/main/AndroidManifest.xml:401:17-80
service#com.android.mail.compose.EmptyService
ADDED from src/main/AndroidManifest.xml:405:9-72
	android:name
		ADDED from src/main/AndroidManifest.xml:405:18-70
receiver#com.android.email.provider.WidgetProvider
ADDED from src/main/AndroidManifest.xml:407:9-425:20
	android:label
		ADDED from src/main/AndroidManifest.xml:407:59-91
	android:name
		ADDED from src/main/AndroidManifest.xml:407:19-58
intent-filter#android.appwidget.action.APPWIDGET_UPDATE
ADDED from src/main/AndroidManifest.xml:408:13-410:29
action#android.appwidget.action.APPWIDGET_UPDATE
ADDED from src/main/AndroidManifest.xml:409:17-84
	android:name
		ADDED from src/main/AndroidManifest.xml:409:25-81
intent-filter#com.android.mail.ACTION_NOTIFY_DATASET_CHANGED
ADDED from src/main/AndroidManifest.xml:411:13-414:29
action#com.android.mail.ACTION_NOTIFY_DATASET_CHANGED
ADDED from src/main/AndroidManifest.xml:412:17-89
	android:name
		ADDED from src/main/AndroidManifest.xml:412:25-86
intent-filter#com.android.mail.ACTION_UPDATE_WIDGET
ADDED from src/main/AndroidManifest.xml:415:13-418:29
action#com.android.mail.ACTION_UPDATE_WIDGET
ADDED from src/main/AndroidManifest.xml:416:17-80
	android:name
		ADDED from src/main/AndroidManifest.xml:416:25-77
intent-filter#com.android.mail.ACTION_VALIDATE_ALL_WIDGETS
ADDED from src/main/AndroidManifest.xml:419:13-422:29
action#com.android.mail.ACTION_VALIDATE_ALL_WIDGETS
ADDED from src/main/AndroidManifest.xml:420:17-87
	android:name
		ADDED from src/main/AndroidManifest.xml:420:25-84
meta-data#android.appwidget.provider
ADDED from src/main/AndroidManifest.xml:423:13-424:62
	android:resource
		ADDED from src/main/AndroidManifest.xml:424:24-59
	android:name
		ADDED from src/main/AndroidManifest.xml:423:24-65
service#com.android.mail.widget.WidgetService
ADDED from src/main/AndroidManifest.xml:426:9-428:45
	android:exported
		ADDED from src/main/AndroidManifest.xml:428:18-42
	android:permission
		ADDED from src/main/AndroidManifest.xml:427:18-74
	android:name
		ADDED from src/main/AndroidManifest.xml:426:18-70
receiver#com.android.email.service.AttachmentService$AttachmentWatchdog
ADDED from src/main/AndroidManifest.xml:432:9-434:37
	android:enabled
		ADDED from src/main/AndroidManifest.xml:434:13-35
	android:name
		ADDED from src/main/AndroidManifest.xml:433:13-73
receiver#com.android.email.service.EmailUpgradeBroadcastReceiver
ADDED from src/main/AndroidManifest.xml:437:9-444:20
	android:enabled
		ADDED from src/main/AndroidManifest.xml:439:13-35
	android:name
		ADDED from src/main/AndroidManifest.xml:438:13-66
intent-filter#android.intent.action.BOOT_COMPLETED+android.intent.action.MY_PACKAGE_REPLACED
ADDED from src/main/AndroidManifest.xml:440:13-443:29
action#android.intent.action.BOOT_COMPLETED
ADDED from src/main/AndroidManifest.xml:441:17-79
	android:name
		ADDED from src/main/AndroidManifest.xml:441:25-76
action#android.intent.action.MY_PACKAGE_REPLACED
ADDED from src/main/AndroidManifest.xml:442:17-84
	android:name
		ADDED from src/main/AndroidManifest.xml:442:25-81
receiver#com.android.email.service.EmailBroadcastReceiver
ADDED from src/main/AndroidManifest.xml:446:9-471:20
	android:enabled
		ADDED from src/main/AndroidManifest.xml:448:13-35
	android:name
		ADDED from src/main/AndroidManifest.xml:447:13-59
intent-filter#android.accounts.LOGIN_ACCOUNTS_CHANGED+android.intent.action.BOOT_COMPLETED+android.intent.action.DEVICE_STORAGE_LOW+android.intent.action.DEVICE_STORAGE_OK+android.intent.action.LOCALE_CHANGED
ADDED from src/main/AndroidManifest.xml:449:13-455:29
action#android.intent.action.DEVICE_STORAGE_LOW
ADDED from src/main/AndroidManifest.xml:451:17-83
	android:name
		ADDED from src/main/AndroidManifest.xml:451:25-80
action#android.intent.action.DEVICE_STORAGE_OK
ADDED from src/main/AndroidManifest.xml:452:17-82
	android:name
		ADDED from src/main/AndroidManifest.xml:452:25-79
action#android.intent.action.LOCALE_CHANGED
ADDED from src/main/AndroidManifest.xml:453:17-78
	android:name
		ADDED from src/main/AndroidManifest.xml:453:25-76
action#android.accounts.LOGIN_ACCOUNTS_CHANGED
ADDED from src/main/AndroidManifest.xml:454:17-82
	android:name
		ADDED from src/main/AndroidManifest.xml:454:25-79
intent-filter#com.android.mail.action.update_notification
ADDED from src/main/AndroidManifest.xml:457:13-461:29
action#com.android.mail.action.update_notification
ADDED from src/main/AndroidManifest.xml:458:17-459:50
	android:priority
		ADDED from src/main/AndroidManifest.xml:459:25-47
	android:name
		ADDED from src/main/AndroidManifest.xml:458:25-83
intent-filter#android.provider.Telephony.SECRET_CODE
ADDED from src/main/AndroidManifest.xml:463:13-470:29
action#android.provider.Telephony.SECRET_CODE
ADDED from src/main/AndroidManifest.xml:464:17-465:77
	android:name
		ADDED from src/main/AndroidManifest.xml:465:21-74
service#com.android.email.service.EmailBroadcastProcessorService
ADDED from src/main/AndroidManifest.xml:472:9-473:70
	android:name
		ADDED from src/main/AndroidManifest.xml:473:13-67
receiver#com.android.email.SecurityPolicy$PolicyAdmin
ADDED from src/main/AndroidManifest.xml:476:9-488:20
	android:label
		ADDED from src/main/AndroidManifest.xml:478:13-55
	android:description
		ADDED from src/main/AndroidManifest.xml:479:13-67
	android:permission
		ADDED from src/main/AndroidManifest.xml:480:13-70
	android:name
		ADDED from src/main/AndroidManifest.xml:477:13-55
meta-data#android.app.device_admin
ADDED from src/main/AndroidManifest.xml:481:13-483:56
	android:resource
		ADDED from src/main/AndroidManifest.xml:483:17-53
	android:name
		ADDED from src/main/AndroidManifest.xml:482:17-56
intent-filter#android.app.action.DEVICE_ADMIN_ENABLED
ADDED from src/main/AndroidManifest.xml:484:13-487:29
action#android.app.action.DEVICE_ADMIN_ENABLED
ADDED from src/main/AndroidManifest.xml:485:17-486:78
	android:name
		ADDED from src/main/AndroidManifest.xml:486:21-75
service#com.android.email.service.AttachmentService
ADDED from src/main/AndroidManifest.xml:490:9-494:19
	android:enabled
		ADDED from src/main/AndroidManifest.xml:492:13-36
	android:name
		ADDED from src/main/AndroidManifest.xml:491:13-54
service#com.android.email.service.Pop3AuthenticatorService
ADDED from src/main/AndroidManifest.xml:497:9-510:19
	android:exported
		ADDED from src/main/AndroidManifest.xml:499:13-36
	android:enabled
		ADDED from src/main/AndroidManifest.xml:500:13-35
	android:name
		ADDED from src/main/AndroidManifest.xml:498:13-61
intent-filter#android.accounts.AccountAuthenticator
ADDED from src/main/AndroidManifest.xml:502:13-505:29
action#android.accounts.AccountAuthenticator
ADDED from src/main/AndroidManifest.xml:503:17-504:76
	android:name
		ADDED from src/main/AndroidManifest.xml:504:21-73
meta-data#android.accounts.AccountAuthenticator
ADDED from src/main/AndroidManifest.xml:506:13-509:19
	android:resource
		ADDED from src/main/AndroidManifest.xml:508:17-59
	android:name
		ADDED from src/main/AndroidManifest.xml:507:17-69
service#com.android.email.service.ImapAuthenticatorService
ADDED from src/main/AndroidManifest.xml:512:9-525:19
	android:exported
		ADDED from src/main/AndroidManifest.xml:514:13-36
	android:enabled
		ADDED from src/main/AndroidManifest.xml:515:13-36
	android:name
		ADDED from src/main/AndroidManifest.xml:513:13-61
service#com.android.email.service.Pop3SyncAdapterService
ADDED from src/main/AndroidManifest.xml:528:9-537:19
	android:exported
		ADDED from src/main/AndroidManifest.xml:530:13-36
	android:name
		ADDED from src/main/AndroidManifest.xml:529:13-76
intent-filter#android.content.SyncAdapter
ADDED from src/main/AndroidManifest.xml:531:13-534:29
action#android.content.SyncAdapter
ADDED from src/main/AndroidManifest.xml:532:17-533:66
	android:name
		ADDED from src/main/AndroidManifest.xml:533:21-63
meta-data#android.content.SyncAdapter
ADDED from src/main/AndroidManifest.xml:535:13-536:67
	android:resource
		ADDED from src/main/AndroidManifest.xml:536:24-64
	android:name
		ADDED from src/main/AndroidManifest.xml:535:24-66
service#com.android.email.service.LegacyImapSyncAdapterService
ADDED from src/main/AndroidManifest.xml:539:9-548:19
	android:exported
		ADDED from src/main/AndroidManifest.xml:541:13-36
	android:name
		ADDED from src/main/AndroidManifest.xml:540:13-82
service#com.android.email.service.PolicyService
ADDED from src/main/AndroidManifest.xml:551:9-560:19
	android:enabled
		ADDED from src/main/AndroidManifest.xml:553:13-35
	android:permission
		ADDED from src/main/AndroidManifest.xml:554:13-78
	android:name
		ADDED from src/main/AndroidManifest.xml:552:13-50
intent-filter#com.android.email.POLICY_INTENT
ADDED from src/main/AndroidManifest.xml:556:13-559:29
action#com.android.email.POLICY_INTENT
ADDED from src/main/AndroidManifest.xml:557:17-558:70
	android:name
		ADDED from src/main/AndroidManifest.xml:558:21-67
service#com.android.email.service.AccountService
ADDED from src/main/AndroidManifest.xml:562:9-571:19
	android:enabled
		ADDED from src/main/AndroidManifest.xml:564:13-35
	android:permission
		ADDED from src/main/AndroidManifest.xml:565:13-78
	android:name